<?xml version="1.0" encoding="UTF-8"?>
<!-- Generated by org.testng.reporters.JUnitXMLReporter -->
<testsuite ignored="0" hostname="Saidineshs-MacBook-Pro.local" failures="0" tests="3" name="Chrome testing" time="14.727" errors="0" timestamp="2023-02-13T19:19:32 IST">
  <testcase classname="remoteTestingDocker.DockerValidation.AppTest" name="shouldAnswerWithTrue" time="0.01"/>
  <testcase classname="remoteTestingDocker.DockerValidation.Googlepage" name="verifygooglepage" time="5.764"/>
  <testcase classname="remoteTestingDocker.DockerValidation.Googlepage" name="verifyfacebookpage" time="5.702"/>
</testsuite> <!-- Chrome testing -->
