<?xml version="1.0" encoding="UTF-8"?>
<!-- Generated by org.testng.reporters.JUnitXMLReporter -->
<testsuite hostname="Saidineshs-MacBook-Pro.local" ignored="0" name="Chrome testing" tests="3" failures="0" timestamp="2023-05-30T15:59:43 IST" time="23.742" errors="0">
  <testcase name="shouldAnswerWithTrue" time="0.01" classname="remoteTestingDocker.DockerValidation.AppTest"/>
  <testcase name="verifygooglepage" time="9.502" classname="remoteTestingDocker.DockerValidation.Googlepage"/>
  <testcase name="verifyfacebookpage" time="6.254" classname="remoteTestingDocker.DockerValidation.Googlepage"/>
</testsuite> <!-- Chrome testing -->
