<?xml version="1.0" encoding="UTF-8"?>
<!-- Generated by org.testng.reporters.JUnitXMLReporter -->
<testsuite hostname="Saidineshs-MacBook-Pro.local" ignored="0" name="Edge testing" tests="3" failures="0" timestamp="2023-05-30T15:59:33 IST" time="23.706" errors="0">
  <testcase name="shouldAnswerWithTrue" time="0.011" classname="remoteTestingDocker.DockerValidation.AppTest"/>
  <testcase name="verifygooglepage" time="9.739" classname="remoteTestingDocker.DockerValidation.Googlepage"/>
  <testcase name="verifyfacebookpage" time="5.982" classname="remoteTestingDocker.DockerValidation.Googlepage"/>
</testsuite> <!-- Edge testing -->
