<?xml version="1.0" encoding="UTF-8"?>
<!-- Generated by org.testng.reporters.JUnitXMLReporter -->
<testsuite hostname="Saidineshs-MacBook-Pro.local" ignored="0" name="FireFox testing" tests="3" failures="0" timestamp="2023-05-30T15:59:38 IST" time="23.768" errors="0">
  <testcase name="shouldAnswerWithTrue" time="0.011" classname="remoteTestingDocker.DockerValidation.AppTest"/>
  <testcase name="verifygooglepage" time="3.261" classname="remoteTestingDocker.DockerValidation.Googlepage"/>
  <testcase name="verifyfacebookpage" time="6.021" classname="remoteTestingDocker.DockerValidation.Googlepage"/>
</testsuite> <!-- FireFox testing -->
