<?xml version="1.0" encoding="UTF-8"?>
<!-- Generated by org.testng.reporters.JUnitXMLReporter -->
<testsuite ignored="0" hostname="Saidineshs-MacBook-Pro.local" failures="0" tests="3" name="FireFox testing" time="25.293" errors="0" timestamp="2023-06-19T16:47:20 IST">
  <testcase classname="remoteTestingDocker.DockerValidation.AppTest" name="shouldAnswerWithTrue" time="0.007"/>
  <testcase classname="remoteTestingDocker.DockerValidation.Googlepage" name="verifygooglepage" time="8.543"/>
  <testcase classname="remoteTestingDocker.DockerValidation.Googlepage" name="verifyfacebookpage" time="2.246"/>
</testsuite> <!-- FireFox testing -->
