<?xml version="1.0" encoding="UTF-8"?>
<!-- Generated by org.testng.reporters.JUnitXMLReporter -->
<testsuite ignored="0" hostname="Saidineshs-MacBook-Pro.local" failures="0" tests="3" name="FireFox testing" time="47.727" errors="0" timestamp="2023-05-31T12:46:49 IST">
  <testcase classname="remoteTestingDocker.DockerValidation.AppTest" name="shouldAnswerWithTrue" time="0.006"/>
  <testcase classname="remoteTestingDocker.DockerValidation.Googlepage" name="verifygooglepage" time="4.374"/>
  <testcase classname="remoteTestingDocker.DockerValidation.Googlepage" name="verifyfacebookpage" time="5.324"/>
</testsuite> <!-- FireFox testing -->
