-------------------------------------------------------------------------------
Test set: TestSuite
-------------------------------------------------------------------------------
Tests run: 6, Failures: 1, Errors: 0, Skipped: 0, Time elapsed: 15.846 s <<< FAILURE! - in TestSuite
remoteTestingDocker.DockerValidation.Googlepage.verifygooglepage  Time elapsed: 3.571 s  <<< FAILURE!
java.lang.AssertionError: expected [Google] but found [Facebook â€“ log in or sign up]
	at remoteTestingDocker.DockerValidation.Googlepage.verifygooglepage(Googlepage.java:13)

