<?xml version="1.0" encoding="UTF-8"?>
<testsuite xmlns:xsi="http://www.w3.org/2001/XMLSchema-instance" xsi:noNamespaceSchemaLocation="https://maven.apache.org/surefire/maven-surefire-plugin/xsd/surefire-test-report-3.0.xsd" version="3.0" name="TestSuite" time="306.285" tests="10" errors="0" skipped="2" failures="2">
  <properties>
[...]
</properties>
  <testcase name="shouldAnswerWithTrue" classname="remoteTestingDocker.DockerValidation.AppTest" time="0.005"/>
  <testcase name="shouldAnswerWithTrue" classname="remoteTestingDocker.DockerValidation.AppTest" time="0.005"/>
  <testcase name="shouldAnswerWithTrue" classname="remoteTestingDocker.DockerValidation.AppTest" time="0.005"/>
  <testcase name="verifygooglepage" classname="remoteTestingDocker.DockerValidation.Googlepage" time="4.475"/>
  <testcase name="verifygooglepage" classname="remoteTestingDocker.DockerValidation.Googlepage" time="3.936"/>
  <testcase name="verifygooglepage" classname="remoteTestingDocker.DockerValidation.Googlepage" time="0">
    <skipped message="Could not start a new session. New session request timed out &#10;Host info: host: &apos;15d6fa03dca2&apos;, ip: &apos;172.20.0.2&apos;&#10;Build info: version: &apos;4.8.0&apos;, revision: &apos;267030adea&apos;&#10;System info: os.name: &apos;Linux&apos;, os.arch: &apos;amd64&apos;, os.version: &apos;5.15.82-0-virt&apos;, java.version: &apos;11.0.17&apos;&#10;Driver info: driver.version: unknown&#10;Build info: version: &apos;3.141.59&apos;, revision: &apos;e82be7d358&apos;, time: &apos;2018-11-14T08:17:03&apos;&#10;System info: host: &apos;Saidineshs-MacBook-Pro.local&apos;, ip: &apos;2406:7400:63:68c1:c4b0:8a22:7b1c:edce%en0&apos;, os.name: &apos;Mac OS X&apos;, os.arch: &apos;x86_64&apos;, os.version: &apos;10.16&apos;, java.version: &apos;16.0.1&apos;&#10;Driver info: driver.version: RemoteWebDriver&#10;remote stacktrace: [{fileName=LocalNewSessionQueue.java, moduleVersion=null, moduleName=null, nativeMethod=false, methodName=addToQueue, className=org.openqa.selenium.grid.sessionqueue.local.LocalNewSessionQueue, lineNumber=202, classLoaderName=null}, {fileName=NewSessionQueue.java, moduleVersion=null, moduleName=null, nativeMethod=false, methodName=lambda$new$0, className=org.openqa.selenium.grid.sessionqueue.NewSessionQueue, lineNumber=68, classLoaderName=null}, {fileName=Route.java, moduleVersion=null, moduleName=null, nativeMethod=false, methodName=handle, className=org.openqa.selenium.remote.http.Route$TemplatizedRoute, lineNumber=192, classLoaderName=null}, {fileName=Route.java, moduleVersion=null, moduleName=null, nativeMethod=false, methodName=execute, className=org.openqa.selenium.remote.http.Route, lineNumber=68, classLoaderName=null}, {fileName=Route.java, moduleVersion=null, moduleName=null, nativeMethod=false, methodName=handle, className=org.openqa.selenium.remote.http.Route$CombinedRoute, lineNumber=336, classLoaderName=null}, {fileName=Route.java, moduleVersion=null, moduleName=null, nativeMethod=false, methodName=execute, className=org.openqa.selenium.remote.http.Route, lineNumber=68, classLoaderName=null}, {fileName=NewSessionQueue.java, moduleVersion=null, moduleName=null, nativeMethod=false, methodName=execute, className=org.openqa.selenium.grid.sessionqueue.NewSessionQueue, lineNumber=122, classLoaderName=null}, {fileName=SpanWrappedHttpHandler.java, moduleVersion=null, moduleName=null, nativeMethod=false, methodName=execute, className=org.openqa.selenium.remote.tracing.SpanWrappedHttpHandler, lineNumber=86, classLoaderName=null}, {fileName=Filter.java, moduleVersion=null, moduleName=null, nativeMethod=false, methodName=execute, className=org.openqa.selenium.remote.http.Filter$1, lineNumber=64, classLoaderName=null}, {fileName=Route.java, moduleVersion=null, moduleName=null, nativeMethod=false, methodName=handle, className=org.openqa.selenium.remote.http.Route$CombinedRoute, lineNumber=336, classLoaderName=null}, {fileName=Route.java, moduleVersion=null, moduleName=null, nativeMethod=false, methodName=execute, className=org.openqa.selenium.remote.http.Route, lineNumber=68, classLoaderName=null}, {fileName=Router.java, moduleVersion=null, moduleName=null, nativeMethod=false, methodName=execute, className=org.openqa.selenium.grid.router.Router, lineNumber=91, classLoaderName=null}, {fileName=EnsureSpecCompliantResponseHeaders.java, moduleVersion=null, moduleName=null, nativeMethod=false, methodName=lambda$apply$0, className=org.openqa.selenium.grid.web.EnsureSpecCompliantResponseHeaders, lineNumber=34, classLoaderName=null}, {fileName=Filter.java, moduleVersion=null, moduleName=null, nativeMethod=false, methodName=execute, className=org.openqa.selenium.remote.http.Filter$1, lineNumber=64, classLoaderName=null}, {fileName=Route.java, moduleVersion=null, moduleName=null, nativeMethod=false, methodName=handle, className=org.openqa.selenium.remote.http.Route$CombinedRoute, lineNumber=336, classLoaderName=null}, {fileName=Route.java, moduleVersion=null, moduleName=null, nativeMethod=false, methodName=execute, className=org.openqa.selenium.remote.http.Route, lineNumber=68, classLoaderName=null}, {fileName=Route.java, moduleVersion=null, moduleName=null, nativeMethod=false, methodName=handle, className=org.openqa.selenium.remote.http.Route$NestedRoute, lineNumber=270, classLoaderName=null}, {fileName=Route.java, moduleVersion=null, moduleName=null, nativeMethod=false, methodName=execute, className=org.openqa.selenium.remote.http.Route, lineNumber=68, classLoaderName=null}, {fileName=Route.java, moduleVersion=null, moduleName=null, nativeMethod=false, methodName=handle, className=org.openqa.selenium.remote.http.Route$CombinedRoute, lineNumber=336, classLoaderName=null}, {fileName=Route.java, moduleVersion=null, moduleName=null, nativeMethod=false, methodName=execute, className=org.openqa.selenium.remote.http.Route, lineNumber=68, classLoaderName=null}, {fileName=Route.java, moduleVersion=null, moduleName=null, nativeMethod=false, methodName=handle, className=org.openqa.selenium.remote.http.Route$CombinedRoute, lineNumber=336, classLoaderName=null}, {fileName=Route.java, moduleVersion=null, moduleName=null, nativeMethod=false, methodName=execute, className=org.openqa.selenium.remote.http.Route, lineNumber=68, classLoaderName=null}, {fileName=Route.java, moduleVersion=null, moduleName=null, nativeMethod=false, methodName=handle, className=org.openqa.selenium.remote.http.Route$CombinedRoute, lineNumber=336, classLoaderName=null}, {fileName=Route.java, moduleVersion=null, moduleName=null, nativeMethod=false, methodName=execute, className=org.openqa.selenium.remote.http.Route, lineNumber=68, classLoaderName=null}, {fileName=Route.java, moduleVersion=null, moduleName=null, nativeMethod=false, methodName=handle, className=org.openqa.selenium.remote.http.Route$CombinedRoute, lineNumber=336, classLoaderName=null}, {fileName=Route.java, moduleVersion=null, moduleName=null, nativeMethod=false, methodName=execute, className=org.openqa.selenium.remote.http.Route, lineNumber=68, classLoaderName=null}, {fileName=AddWebDriverSpecHeaders.java, moduleVersion=null, moduleName=null, nativeMethod=false, methodName=lambda$apply$0, className=org.openqa.selenium.remote.AddWebDriverSpecHeaders, lineNumber=35, classLoaderName=null}, {fileName=ErrorFilter.java, moduleVersion=null, moduleName=null, nativeMethod=false, methodName=lambda$apply$0, className=org.openqa.selenium.remote.ErrorFilter, lineNumber=44, classLoaderName=null}, {fileName=Filter.java, moduleVersion=null, moduleName=null, nativeMethod=false, methodName=execute, className=org.openqa.selenium.remote.http.Filter$1, lineNumber=64, classLoaderName=null}, {fileName=ErrorFilter.java, moduleVersion=null, moduleName=null, nativeMethod=false, methodName=lambda$apply$0, className=org.openqa.selenium.remote.ErrorFilter, lineNumber=44, classLoaderName=null}, {fileName=Filter.java, moduleVersion=null, moduleName=null, nativeMethod=false, methodName=execute, className=org.openqa.selenium.remote.http.Filter$1, lineNumber=64, classLoaderName=null}, {fileName=SeleniumHandler.java, moduleVersion=null, moduleName=null, nativeMethod=false, methodName=lambda$channelRead0$0, className=org.openqa.selenium.netty.server.SeleniumHandler, lineNumber=44, classLoaderName=null}, {fileName=Executors.java, moduleVersion=11.0.17, moduleName=java.base, nativeMethod=false, methodName=call, className=java.util.concurrent.Executors$RunnableAdapter, lineNumber=515, classLoaderName=null}, {fileName=FutureTask.java, moduleVersion=11.0.17, moduleName=java.base, nativeMethod=false, methodName=run, className=java.util.concurrent.FutureTask, lineNumber=264, classLoaderName=null}, {fileName=ThreadPoolExecutor.java, moduleVersion=11.0.17, moduleName=java.base, nativeMethod=false, methodName=runWorker, className=java.util.concurrent.ThreadPoolExecutor, lineNumber=1128, classLoaderName=null}, {fileName=ThreadPoolExecutor.java, moduleVersion=11.0.17, moduleName=java.base, nativeMethod=false, methodName=run, className=java.util.concurrent.ThreadPoolExecutor$Worker, lineNumber=628, classLoaderName=null}, {fileName=Thread.java, moduleVersion=11.0.17, moduleName=java.base, nativeMethod=false, methodName=run, className=java.lang.Thread, lineNumber=829, classLoaderName=null}]"/>
  </testcase>
  <testcase name="verifyfacebookpage" classname="remoteTestingDocker.DockerValidation.Googlepage" time="3.807">
    <failure message="expected [Facebook – log in or sign up] but found [Google]" type="java.lang.AssertionError"><![CDATA[java.lang.AssertionError: expected [Facebook – log in or sign up] but found [Google]
	at remoteTestingDocker.DockerValidation.Googlepage.verifyfacebookpage(Googlepage.java:19)
]]></failure>
    <system-err><![CDATA[Feb 08, 2023 6:26:24 AM org.openqa.selenium.remote.ProtocolHandshake createSession
INFO: Detected dialect: W3C
]]></system-err>
  </testcase>
  <testcase name="verifyfacebookpage" classname="remoteTestingDocker.DockerValidation.Googlepage" time="1.937"/>
  <testcase name="verifyfacebookpage" classname="remoteTestingDocker.DockerValidation.Googlepage" time="0">
    <skipped message="Could not start a new session. New session request timed out &#10;Host info: host: &apos;15d6fa03dca2&apos;, ip: &apos;172.20.0.2&apos;&#10;Build info: version: &apos;4.8.0&apos;, revision: &apos;267030adea&apos;&#10;System info: os.name: &apos;Linux&apos;, os.arch: &apos;amd64&apos;, os.version: &apos;5.15.82-0-virt&apos;, java.version: &apos;11.0.17&apos;&#10;Driver info: driver.version: unknown&#10;Build info: version: &apos;3.141.59&apos;, revision: &apos;e82be7d358&apos;, time: &apos;2018-11-14T08:17:03&apos;&#10;System info: host: &apos;Saidineshs-MacBook-Pro.local&apos;, ip: &apos;2406:7400:63:68c1:c4b0:8a22:7b1c:edce%en0&apos;, os.name: &apos;Mac OS X&apos;, os.arch: &apos;x86_64&apos;, os.version: &apos;10.16&apos;, java.version: &apos;16.0.1&apos;&#10;Driver info: driver.version: RemoteWebDriver&#10;remote stacktrace: [{fileName=LocalNewSessionQueue.java, moduleVersion=null, moduleName=null, nativeMethod=false, methodName=addToQueue, className=org.openqa.selenium.grid.sessionqueue.local.LocalNewSessionQueue, lineNumber=202, classLoaderName=null}, {fileName=NewSessionQueue.java, moduleVersion=null, moduleName=null, nativeMethod=false, methodName=lambda$new$0, className=org.openqa.selenium.grid.sessionqueue.NewSessionQueue, lineNumber=68, classLoaderName=null}, {fileName=Route.java, moduleVersion=null, moduleName=null, nativeMethod=false, methodName=handle, className=org.openqa.selenium.remote.http.Route$TemplatizedRoute, lineNumber=192, classLoaderName=null}, {fileName=Route.java, moduleVersion=null, moduleName=null, nativeMethod=false, methodName=execute, className=org.openqa.selenium.remote.http.Route, lineNumber=68, classLoaderName=null}, {fileName=Route.java, moduleVersion=null, moduleName=null, nativeMethod=false, methodName=handle, className=org.openqa.selenium.remote.http.Route$CombinedRoute, lineNumber=336, classLoaderName=null}, {fileName=Route.java, moduleVersion=null, moduleName=null, nativeMethod=false, methodName=execute, className=org.openqa.selenium.remote.http.Route, lineNumber=68, classLoaderName=null}, {fileName=NewSessionQueue.java, moduleVersion=null, moduleName=null, nativeMethod=false, methodName=execute, className=org.openqa.selenium.grid.sessionqueue.NewSessionQueue, lineNumber=122, classLoaderName=null}, {fileName=SpanWrappedHttpHandler.java, moduleVersion=null, moduleName=null, nativeMethod=false, methodName=execute, className=org.openqa.selenium.remote.tracing.SpanWrappedHttpHandler, lineNumber=86, classLoaderName=null}, {fileName=Filter.java, moduleVersion=null, moduleName=null, nativeMethod=false, methodName=execute, className=org.openqa.selenium.remote.http.Filter$1, lineNumber=64, classLoaderName=null}, {fileName=Route.java, moduleVersion=null, moduleName=null, nativeMethod=false, methodName=handle, className=org.openqa.selenium.remote.http.Route$CombinedRoute, lineNumber=336, classLoaderName=null}, {fileName=Route.java, moduleVersion=null, moduleName=null, nativeMethod=false, methodName=execute, className=org.openqa.selenium.remote.http.Route, lineNumber=68, classLoaderName=null}, {fileName=Router.java, moduleVersion=null, moduleName=null, nativeMethod=false, methodName=execute, className=org.openqa.selenium.grid.router.Router, lineNumber=91, classLoaderName=null}, {fileName=EnsureSpecCompliantResponseHeaders.java, moduleVersion=null, moduleName=null, nativeMethod=false, methodName=lambda$apply$0, className=org.openqa.selenium.grid.web.EnsureSpecCompliantResponseHeaders, lineNumber=34, classLoaderName=null}, {fileName=Filter.java, moduleVersion=null, moduleName=null, nativeMethod=false, methodName=execute, className=org.openqa.selenium.remote.http.Filter$1, lineNumber=64, classLoaderName=null}, {fileName=Route.java, moduleVersion=null, moduleName=null, nativeMethod=false, methodName=handle, className=org.openqa.selenium.remote.http.Route$CombinedRoute, lineNumber=336, classLoaderName=null}, {fileName=Route.java, moduleVersion=null, moduleName=null, nativeMethod=false, methodName=execute, className=org.openqa.selenium.remote.http.Route, lineNumber=68, classLoaderName=null}, {fileName=Route.java, moduleVersion=null, moduleName=null, nativeMethod=false, methodName=handle, className=org.openqa.selenium.remote.http.Route$NestedRoute, lineNumber=270, classLoaderName=null}, {fileName=Route.java, moduleVersion=null, moduleName=null, nativeMethod=false, methodName=execute, className=org.openqa.selenium.remote.http.Route, lineNumber=68, classLoaderName=null}, {fileName=Route.java, moduleVersion=null, moduleName=null, nativeMethod=false, methodName=handle, className=org.openqa.selenium.remote.http.Route$CombinedRoute, lineNumber=336, classLoaderName=null}, {fileName=Route.java, moduleVersion=null, moduleName=null, nativeMethod=false, methodName=execute, className=org.openqa.selenium.remote.http.Route, lineNumber=68, classLoaderName=null}, {fileName=Route.java, moduleVersion=null, moduleName=null, nativeMethod=false, methodName=handle, className=org.openqa.selenium.remote.http.Route$CombinedRoute, lineNumber=336, classLoaderName=null}, {fileName=Route.java, moduleVersion=null, moduleName=null, nativeMethod=false, methodName=execute, className=org.openqa.selenium.remote.http.Route, lineNumber=68, classLoaderName=null}, {fileName=Route.java, moduleVersion=null, moduleName=null, nativeMethod=false, methodName=handle, className=org.openqa.selenium.remote.http.Route$CombinedRoute, lineNumber=336, classLoaderName=null}, {fileName=Route.java, moduleVersion=null, moduleName=null, nativeMethod=false, methodName=execute, className=org.openqa.selenium.remote.http.Route, lineNumber=68, classLoaderName=null}, {fileName=Route.java, moduleVersion=null, moduleName=null, nativeMethod=false, methodName=handle, className=org.openqa.selenium.remote.http.Route$CombinedRoute, lineNumber=336, classLoaderName=null}, {fileName=Route.java, moduleVersion=null, moduleName=null, nativeMethod=false, methodName=execute, className=org.openqa.selenium.remote.http.Route, lineNumber=68, classLoaderName=null}, {fileName=AddWebDriverSpecHeaders.java, moduleVersion=null, moduleName=null, nativeMethod=false, methodName=lambda$apply$0, className=org.openqa.selenium.remote.AddWebDriverSpecHeaders, lineNumber=35, classLoaderName=null}, {fileName=ErrorFilter.java, moduleVersion=null, moduleName=null, nativeMethod=false, methodName=lambda$apply$0, className=org.openqa.selenium.remote.ErrorFilter, lineNumber=44, classLoaderName=null}, {fileName=Filter.java, moduleVersion=null, moduleName=null, nativeMethod=false, methodName=execute, className=org.openqa.selenium.remote.http.Filter$1, lineNumber=64, classLoaderName=null}, {fileName=ErrorFilter.java, moduleVersion=null, moduleName=null, nativeMethod=false, methodName=lambda$apply$0, className=org.openqa.selenium.remote.ErrorFilter, lineNumber=44, classLoaderName=null}, {fileName=Filter.java, moduleVersion=null, moduleName=null, nativeMethod=false, methodName=execute, className=org.openqa.selenium.remote.http.Filter$1, lineNumber=64, classLoaderName=null}, {fileName=SeleniumHandler.java, moduleVersion=null, moduleName=null, nativeMethod=false, methodName=lambda$channelRead0$0, className=org.openqa.selenium.netty.server.SeleniumHandler, lineNumber=44, classLoaderName=null}, {fileName=Executors.java, moduleVersion=11.0.17, moduleName=java.base, nativeMethod=false, methodName=call, className=java.util.concurrent.Executors$RunnableAdapter, lineNumber=515, classLoaderName=null}, {fileName=FutureTask.java, moduleVersion=11.0.17, moduleName=java.base, nativeMethod=false, methodName=run, className=java.util.concurrent.FutureTask, lineNumber=264, classLoaderName=null}, {fileName=ThreadPoolExecutor.java, moduleVersion=11.0.17, moduleName=java.base, nativeMethod=false, methodName=runWorker, className=java.util.concurrent.ThreadPoolExecutor, lineNumber=1128, classLoaderName=null}, {fileName=ThreadPoolExecutor.java, moduleVersion=11.0.17, moduleName=java.base, nativeMethod=false, methodName=run, className=java.util.concurrent.ThreadPoolExecutor$Worker, lineNumber=628, classLoaderName=null}, {fileName=Thread.java, moduleVersion=11.0.17, moduleName=java.base, nativeMethod=false, methodName=run, className=java.lang.Thread, lineNumber=829, classLoaderName=null}]"/>
  </testcase>
  <testcase name="opendriver" classname="remoteTestingDocker.DockerValidation.Googlepage" time="284.495">
    <failure message="Could not start a new session. New session request timed out &#10;Host info: host: &apos;15d6fa03dca2&apos;, ip: &apos;172.20.0.2&apos;&#10;Build info: version: &apos;4.8.0&apos;, revision: &apos;267030adea&apos;&#10;System info: os.name: &apos;Linux&apos;, os.arch: &apos;amd64&apos;, os.version: &apos;5.15.82-0-virt&apos;, java.version: &apos;11.0.17&apos;&#10;Driver info: driver.version: unknown&#10;Build info: version: &apos;3.141.59&apos;, revision: &apos;e82be7d358&apos;, time: &apos;2018-11-14T08:17:03&apos;&#10;System info: host: &apos;Saidineshs-MacBook-Pro.local&apos;, ip: &apos;2406:7400:63:68c1:c4b0:8a22:7b1c:edce%en0&apos;, os.name: &apos;Mac OS X&apos;, os.arch: &apos;x86_64&apos;, os.version: &apos;10.16&apos;, java.version: &apos;16.0.1&apos;&#10;Driver info: driver.version: RemoteWebDriver&#10;remote stacktrace: [{fileName=LocalNewSessionQueue.java, moduleVersion=null, moduleName=null, nativeMethod=false, methodName=addToQueue, className=org.openqa.selenium.grid.sessionqueue.local.LocalNewSessionQueue, lineNumber=202, classLoaderName=null}, {fileName=NewSessionQueue.java, moduleVersion=null, moduleName=null, nativeMethod=false, methodName=lambda$new$0, className=org.openqa.selenium.grid.sessionqueue.NewSessionQueue, lineNumber=68, classLoaderName=null}, {fileName=Route.java, moduleVersion=null, moduleName=null, nativeMethod=false, methodName=handle, className=org.openqa.selenium.remote.http.Route$TemplatizedRoute, lineNumber=192, classLoaderName=null}, {fileName=Route.java, moduleVersion=null, moduleName=null, nativeMethod=false, methodName=execute, className=org.openqa.selenium.remote.http.Route, lineNumber=68, classLoaderName=null}, {fileName=Route.java, moduleVersion=null, moduleName=null, nativeMethod=false, methodName=handle, className=org.openqa.selenium.remote.http.Route$CombinedRoute, lineNumber=336, classLoaderName=null}, {fileName=Route.java, moduleVersion=null, moduleName=null, nativeMethod=false, methodName=execute, className=org.openqa.selenium.remote.http.Route, lineNumber=68, classLoaderName=null}, {fileName=NewSessionQueue.java, moduleVersion=null, moduleName=null, nativeMethod=false, methodName=execute, className=org.openqa.selenium.grid.sessionqueue.NewSessionQueue, lineNumber=122, classLoaderName=null}, {fileName=SpanWrappedHttpHandler.java, moduleVersion=null, moduleName=null, nativeMethod=false, methodName=execute, className=org.openqa.selenium.remote.tracing.SpanWrappedHttpHandler, lineNumber=86, classLoaderName=null}, {fileName=Filter.java, moduleVersion=null, moduleName=null, nativeMethod=false, methodName=execute, className=org.openqa.selenium.remote.http.Filter$1, lineNumber=64, classLoaderName=null}, {fileName=Route.java, moduleVersion=null, moduleName=null, nativeMethod=false, methodName=handle, className=org.openqa.selenium.remote.http.Route$CombinedRoute, lineNumber=336, classLoaderName=null}, {fileName=Route.java, moduleVersion=null, moduleName=null, nativeMethod=false, methodName=execute, className=org.openqa.selenium.remote.http.Route, lineNumber=68, classLoaderName=null}, {fileName=Router.java, moduleVersion=null, moduleName=null, nativeMethod=false, methodName=execute, className=org.openqa.selenium.grid.router.Router, lineNumber=91, classLoaderName=null}, {fileName=EnsureSpecCompliantResponseHeaders.java, moduleVersion=null, moduleName=null, nativeMethod=false, methodName=lambda$apply$0, className=org.openqa.selenium.grid.web.EnsureSpecCompliantResponseHeaders, lineNumber=34, classLoaderName=null}, {fileName=Filter.java, moduleVersion=null, moduleName=null, nativeMethod=false, methodName=execute, className=org.openqa.selenium.remote.http.Filter$1, lineNumber=64, classLoaderName=null}, {fileName=Route.java, moduleVersion=null, moduleName=null, nativeMethod=false, methodName=handle, className=org.openqa.selenium.remote.http.Route$CombinedRoute, lineNumber=336, classLoaderName=null}, {fileName=Route.java, moduleVersion=null, moduleName=null, nativeMethod=false, methodName=execute, className=org.openqa.selenium.remote.http.Route, lineNumber=68, classLoaderName=null}, {fileName=Route.java, moduleVersion=null, moduleName=null, nativeMethod=false, methodName=handle, className=org.openqa.selenium.remote.http.Route$NestedRoute, lineNumber=270, classLoaderName=null}, {fileName=Route.java, moduleVersion=null, moduleName=null, nativeMethod=false, methodName=execute, className=org.openqa.selenium.remote.http.Route, lineNumber=68, classLoaderName=null}, {fileName=Route.java, moduleVersion=null, moduleName=null, nativeMethod=false, methodName=handle, className=org.openqa.selenium.remote.http.Route$CombinedRoute, lineNumber=336, classLoaderName=null}, {fileName=Route.java, moduleVersion=null, moduleName=null, nativeMethod=false, methodName=execute, className=org.openqa.selenium.remote.http.Route, lineNumber=68, classLoaderName=null}, {fileName=Route.java, moduleVersion=null, moduleName=null, nativeMethod=false, methodName=handle, className=org.openqa.selenium.remote.http.Route$CombinedRoute, lineNumber=336, classLoaderName=null}, {fileName=Route.java, moduleVersion=null, moduleName=null, nativeMethod=false, methodName=execute, className=org.openqa.selenium.remote.http.Route, lineNumber=68, classLoaderName=null}, {fileName=Route.java, moduleVersion=null, moduleName=null, nativeMethod=false, methodName=handle, className=org.openqa.selenium.remote.http.Route$CombinedRoute, lineNumber=336, classLoaderName=null}, {fileName=Route.java, moduleVersion=null, moduleName=null, nativeMethod=false, methodName=execute, className=org.openqa.selenium.remote.http.Route, lineNumber=68, classLoaderName=null}, {fileName=Route.java, moduleVersion=null, moduleName=null, nativeMethod=false, methodName=handle, className=org.openqa.selenium.remote.http.Route$CombinedRoute, lineNumber=336, classLoaderName=null}, {fileName=Route.java, moduleVersion=null, moduleName=null, nativeMethod=false, methodName=execute, className=org.openqa.selenium.remote.http.Route, lineNumber=68, classLoaderName=null}, {fileName=AddWebDriverSpecHeaders.java, moduleVersion=null, moduleName=null, nativeMethod=false, methodName=lambda$apply$0, className=org.openqa.selenium.remote.AddWebDriverSpecHeaders, lineNumber=35, classLoaderName=null}, {fileName=ErrorFilter.java, moduleVersion=null, moduleName=null, nativeMethod=false, methodName=lambda$apply$0, className=org.openqa.selenium.remote.ErrorFilter, lineNumber=44, classLoaderName=null}, {fileName=Filter.java, moduleVersion=null, moduleName=null, nativeMethod=false, methodName=execute, className=org.openqa.selenium.remote.http.Filter$1, lineNumber=64, classLoaderName=null}, {fileName=ErrorFilter.java, moduleVersion=null, moduleName=null, nativeMethod=false, methodName=lambda$apply$0, className=org.openqa.selenium.remote.ErrorFilter, lineNumber=44, classLoaderName=null}, {fileName=Filter.java, moduleVersion=null, moduleName=null, nativeMethod=false, methodName=execute, className=org.openqa.selenium.remote.http.Filter$1, lineNumber=64, classLoaderName=null}, {fileName=SeleniumHandler.java, moduleVersion=null, moduleName=null, nativeMethod=false, methodName=lambda$channelRead0$0, className=org.openqa.selenium.netty.server.SeleniumHandler, lineNumber=44, classLoaderName=null}, {fileName=Executors.java, moduleVersion=11.0.17, moduleName=java.base, nativeMethod=false, methodName=call, className=java.util.concurrent.Executors$RunnableAdapter, lineNumber=515, classLoaderName=null}, {fileName=FutureTask.java, moduleVersion=11.0.17, moduleName=java.base, nativeMethod=false, methodName=run, className=java.util.concurrent.FutureTask, lineNumber=264, classLoaderName=null}, {fileName=ThreadPoolExecutor.java, moduleVersion=11.0.17, moduleName=java.base, nativeMethod=false, methodName=runWorker, className=java.util.concurrent.ThreadPoolExecutor, lineNumber=1128, classLoaderName=null}, {fileName=ThreadPoolExecutor.java, moduleVersion=11.0.17, moduleName=java.base, nativeMethod=false, methodName=run, className=java.util.concurrent.ThreadPoolExecutor$Worker, lineNumber=628, classLoaderName=null}, {fileName=Thread.java, moduleVersion=11.0.17, moduleName=java.base, nativeMethod=false, methodName=run, className=java.lang.Thread, lineNumber=829, classLoaderName=null}]" type="org.openqa.selenium.SessionNotCreatedException"><![CDATA[org.openqa.selenium.SessionNotCreatedException: 
Could not start a new session. New session request timed out 
Host info: host: '15d6fa03dca2', ip: '172.20.0.2'
Build info: version: '4.8.0', revision: '267030adea'
System info: os.name: 'Linux', os.arch: 'amd64', os.version: '5.15.82-0-virt', java.version: '11.0.17'
Driver info: driver.version: unknown
Build info: version: '3.141.59', revision: 'e82be7d358', time: '2018-11-14T08:17:03'
System info: host: 'Saidineshs-MacBook-Pro.local', ip: '2406:7400:63:68c1:c4b0:8a22:7b1c:edce%en0', os.name: 'Mac OS X', os.arch: 'x86_64', os.version: '10.16', java.version: '16.0.1'
Driver info: driver.version: RemoteWebDriver
remote stacktrace: [{fileName=LocalNewSessionQueue.java, moduleVersion=null, moduleName=null, nativeMethod=false, methodName=addToQueue, className=org.openqa.selenium.grid.sessionqueue.local.LocalNewSessionQueue, lineNumber=202, classLoaderName=null}, {fileName=NewSessionQueue.java, moduleVersion=null, moduleName=null, nativeMethod=false, methodName=lambda$new$0, className=org.openqa.selenium.grid.sessionqueue.NewSessionQueue, lineNumber=68, classLoaderName=null}, {fileName=Route.java, moduleVersion=null, moduleName=null, nativeMethod=false, methodName=handle, className=org.openqa.selenium.remote.http.Route$TemplatizedRoute, lineNumber=192, classLoaderName=null}, {fileName=Route.java, moduleVersion=null, moduleName=null, nativeMethod=false, methodName=execute, className=org.openqa.selenium.remote.http.Route, lineNumber=68, classLoaderName=null}, {fileName=Route.java, moduleVersion=null, moduleName=null, nativeMethod=false, methodName=handle, className=org.openqa.selenium.remote.http.Route$CombinedRoute, lineNumber=336, classLoaderName=null}, {fileName=Route.java, moduleVersion=null, moduleName=null, nativeMethod=false, methodName=execute, className=org.openqa.selenium.remote.http.Route, lineNumber=68, classLoaderName=null}, {fileName=NewSessionQueue.java, moduleVersion=null, moduleName=null, nativeMethod=false, methodName=execute, className=org.openqa.selenium.grid.sessionqueue.NewSessionQueue, lineNumber=122, classLoaderName=null}, {fileName=SpanWrappedHttpHandler.java, moduleVersion=null, moduleName=null, nativeMethod=false, methodName=execute, className=org.openqa.selenium.remote.tracing.SpanWrappedHttpHandler, lineNumber=86, classLoaderName=null}, {fileName=Filter.java, moduleVersion=null, moduleName=null, nativeMethod=false, methodName=execute, className=org.openqa.selenium.remote.http.Filter$1, lineNumber=64, classLoaderName=null}, {fileName=Route.java, moduleVersion=null, moduleName=null, nativeMethod=false, methodName=handle, className=org.openqa.selenium.remote.http.Route$CombinedRoute, lineNumber=336, classLoaderName=null}, {fileName=Route.java, moduleVersion=null, moduleName=null, nativeMethod=false, methodName=execute, className=org.openqa.selenium.remote.http.Route, lineNumber=68, classLoaderName=null}, {fileName=Router.java, moduleVersion=null, moduleName=null, nativeMethod=false, methodName=execute, className=org.openqa.selenium.grid.router.Router, lineNumber=91, classLoaderName=null}, {fileName=EnsureSpecCompliantResponseHeaders.java, moduleVersion=null, moduleName=null, nativeMethod=false, methodName=lambda$apply$0, className=org.openqa.selenium.grid.web.EnsureSpecCompliantResponseHeaders, lineNumber=34, classLoaderName=null}, {fileName=Filter.java, moduleVersion=null, moduleName=null, nativeMethod=false, methodName=execute, className=org.openqa.selenium.remote.http.Filter$1, lineNumber=64, classLoaderName=null}, {fileName=Route.java, moduleVersion=null, moduleName=null, nativeMethod=false, methodName=handle, className=org.openqa.selenium.remote.http.Route$CombinedRoute, lineNumber=336, classLoaderName=null}, {fileName=Route.java, moduleVersion=null, moduleName=null, nativeMethod=false, methodName=execute, className=org.openqa.selenium.remote.http.Route, lineNumber=68, classLoaderName=null}, {fileName=Route.java, moduleVersion=null, moduleName=null, nativeMethod=false, methodName=handle, className=org.openqa.selenium.remote.http.Route$NestedRoute, lineNumber=270, classLoaderName=null}, {fileName=Route.java, moduleVersion=null, moduleName=null, nativeMethod=false, methodName=execute, className=org.openqa.selenium.remote.http.Route, lineNumber=68, classLoaderName=null}, {fileName=Route.java, moduleVersion=null, moduleName=null, nativeMethod=false, methodName=handle, className=org.openqa.selenium.remote.http.Route$CombinedRoute, lineNumber=336, classLoaderName=null}, {fileName=Route.java, moduleVersion=null, moduleName=null, nativeMethod=false, methodName=execute, className=org.openqa.selenium.remote.http.Route, lineNumber=68, classLoaderName=null}, {fileName=Route.java, moduleVersion=null, moduleName=null, nativeMethod=false, methodName=handle, className=org.openqa.selenium.remote.http.Route$CombinedRoute, lineNumber=336, classLoaderName=null}, {fileName=Route.java, moduleVersion=null, moduleName=null, nativeMethod=false, methodName=execute, className=org.openqa.selenium.remote.http.Route, lineNumber=68, classLoaderName=null}, {fileName=Route.java, moduleVersion=null, moduleName=null, nativeMethod=false, methodName=handle, className=org.openqa.selenium.remote.http.Route$CombinedRoute, lineNumber=336, classLoaderName=null}, {fileName=Route.java, moduleVersion=null, moduleName=null, nativeMethod=false, methodName=execute, className=org.openqa.selenium.remote.http.Route, lineNumber=68, classLoaderName=null}, {fileName=Route.java, moduleVersion=null, moduleName=null, nativeMethod=false, methodName=handle, className=org.openqa.selenium.remote.http.Route$CombinedRoute, lineNumber=336, classLoaderName=null}, {fileName=Route.java, moduleVersion=null, moduleName=null, nativeMethod=false, methodName=execute, className=org.openqa.selenium.remote.http.Route, lineNumber=68, classLoaderName=null}, {fileName=AddWebDriverSpecHeaders.java, moduleVersion=null, moduleName=null, nativeMethod=false, methodName=lambda$apply$0, className=org.openqa.selenium.remote.AddWebDriverSpecHeaders, lineNumber=35, classLoaderName=null}, {fileName=ErrorFilter.java, moduleVersion=null, moduleName=null, nativeMethod=false, methodName=lambda$apply$0, className=org.openqa.selenium.remote.ErrorFilter, lineNumber=44, classLoaderName=null}, {fileName=Filter.java, moduleVersion=null, moduleName=null, nativeMethod=false, methodName=execute, className=org.openqa.selenium.remote.http.Filter$1, lineNumber=64, classLoaderName=null}, {fileName=ErrorFilter.java, moduleVersion=null, moduleName=null, nativeMethod=false, methodName=lambda$apply$0, className=org.openqa.selenium.remote.ErrorFilter, lineNumber=44, classLoaderName=null}, {fileName=Filter.java, moduleVersion=null, moduleName=null, nativeMethod=false, methodName=execute, className=org.openqa.selenium.remote.http.Filter$1, lineNumber=64, classLoaderName=null}, {fileName=SeleniumHandler.java, moduleVersion=null, moduleName=null, nativeMethod=false, methodName=lambda$channelRead0$0, className=org.openqa.selenium.netty.server.SeleniumHandler, lineNumber=44, classLoaderName=null}, {fileName=Executors.java, moduleVersion=11.0.17, moduleName=java.base, nativeMethod=false, methodName=call, className=java.util.concurrent.Executors$RunnableAdapter, lineNumber=515, classLoaderName=null}, {fileName=FutureTask.java, moduleVersion=11.0.17, moduleName=java.base, nativeMethod=false, methodName=run, className=java.util.concurrent.FutureTask, lineNumber=264, classLoaderName=null}, {fileName=ThreadPoolExecutor.java, moduleVersion=11.0.17, moduleName=java.base, nativeMethod=false, methodName=runWorker, className=java.util.concurrent.ThreadPoolExecutor, lineNumber=1128, classLoaderName=null}, {fileName=ThreadPoolExecutor.java, moduleVersion=11.0.17, moduleName=java.base, nativeMethod=false, methodName=run, className=java.util.concurrent.ThreadPoolExecutor$Worker, lineNumber=628, classLoaderName=null}, {fileName=Thread.java, moduleVersion=11.0.17, moduleName=java.base, nativeMethod=false, methodName=run, className=java.lang.Thread, lineNumber=829, classLoaderName=null}]
]]></failure>
  </testcase>
</testsuite>