<?xml version="1.0" encoding="UTF-8"?>
<testng-results ignored="0" total="9" passed="9" failed="0" skipped="0">
  <reporter-output>
  </reporter-output>
  <suite started-at="2023-05-31T12:45:56 IST" name="Suite" finished-at="2023-05-31T12:46:44 IST" duration-ms="47727">
    <groups>
    </groups>
    <test started-at="2023-05-31T12:45:56 IST" name="Edge testing" finished-at="2023-05-31T12:46:43 IST" duration-ms="47224">
      <class name="remoteTestingDocker.DockerValidation.AppTest">
        <test-method signature="shouldAnswerWithTrue()[pri:0, instance:remoteTestingDocker.DockerValidation.AppTest@5d47c63f]" started-at="2023-05-31T12:45:56 IST" name="shouldAnswerWithTrue" finished-at="2023-05-31T12:45:56 IST" duration-ms="6" status="PASS">
          <reporter-output>
          </reporter-output>
        </test-method> <!-- shouldAnswerWithTrue -->
      </class> <!-- remoteTestingDocker.DockerValidation.AppTest -->
      <class name="remoteTestingDocker.DockerValidation.Googlepage">
        <test-method is-config="true" signature="opendriver(java.lang.String)[pri:0, instance:remoteTestingDocker.DockerValidation.Googlepage@67e2d983]" started-at="2023-05-31T12:45:56 IST" name="opendriver" finished-at="2023-05-31T12:46:13 IST" duration-ms="17001" status="PASS">
          <params>
            <param index="0">
              <value>
                <![CDATA[Edge]]>
              </value>
            </param>
          </params>
          <reporter-output>
          </reporter-output>
        </test-method> <!-- opendriver -->
        <test-method signature="verifygooglepage()[pri:1, instance:remoteTestingDocker.DockerValidation.Googlepage@67e2d983]" started-at="2023-05-31T12:46:13 IST" name="verifygooglepage" finished-at="2023-05-31T12:46:38 IST" duration-ms="24930" status="PASS">
          <reporter-output>
          </reporter-output>
        </test-method> <!-- verifygooglepage -->
        <test-method signature="verifyfacebookpage()[pri:2, instance:remoteTestingDocker.DockerValidation.Googlepage@67e2d983]" started-at="2023-05-31T12:46:38 IST" name="verifyfacebookpage" finished-at="2023-05-31T12:46:43 IST" duration-ms="4923" status="PASS">
          <reporter-output>
          </reporter-output>
        </test-method> <!-- verifyfacebookpage -->
      </class> <!-- remoteTestingDocker.DockerValidation.Googlepage -->
    </test> <!-- Edge testing -->
    <test started-at="2023-05-31T12:45:56 IST" name="Chrome testing" finished-at="2023-05-31T12:46:43 IST" duration-ms="47325">
      <class name="remoteTestingDocker.DockerValidation.AppTest">
        <test-method signature="shouldAnswerWithTrue()[pri:0, instance:remoteTestingDocker.DockerValidation.AppTest@b7f23d9]" started-at="2023-05-31T12:45:56 IST" name="shouldAnswerWithTrue" finished-at="2023-05-31T12:45:56 IST" duration-ms="6" status="PASS">
          <reporter-output>
          </reporter-output>
        </test-method> <!-- shouldAnswerWithTrue -->
      </class> <!-- remoteTestingDocker.DockerValidation.AppTest -->
      <class name="remoteTestingDocker.DockerValidation.Googlepage">
        <test-method is-config="true" signature="opendriver(java.lang.String)[pri:0, instance:remoteTestingDocker.DockerValidation.Googlepage@58c1c010]" started-at="2023-05-31T12:45:56 IST" name="opendriver" finished-at="2023-05-31T12:46:10 IST" duration-ms="14143" status="PASS">
          <params>
            <param index="0">
              <value>
                <![CDATA[Chrome]]>
              </value>
            </param>
          </params>
          <reporter-output>
          </reporter-output>
        </test-method> <!-- opendriver -->
        <test-method signature="verifygooglepage()[pri:1, instance:remoteTestingDocker.DockerValidation.Googlepage@58c1c010]" started-at="2023-05-31T12:46:10 IST" name="verifygooglepage" finished-at="2023-05-31T12:46:38 IST" duration-ms="27934" status="PASS">
          <reporter-output>
          </reporter-output>
        </test-method> <!-- verifygooglepage -->
        <test-method signature="verifyfacebookpage()[pri:2, instance:remoteTestingDocker.DockerValidation.Googlepage@58c1c010]" started-at="2023-05-31T12:46:38 IST" name="verifyfacebookpage" finished-at="2023-05-31T12:46:43 IST" duration-ms="5191" status="PASS">
          <reporter-output>
          </reporter-output>
        </test-method> <!-- verifyfacebookpage -->
      </class> <!-- remoteTestingDocker.DockerValidation.Googlepage -->
    </test> <!-- Chrome testing -->
    <test started-at="2023-05-31T12:45:56 IST" name="FireFox testing" finished-at="2023-05-31T12:46:44 IST" duration-ms="47727">
      <class name="remoteTestingDocker.DockerValidation.AppTest">
        <test-method signature="shouldAnswerWithTrue()[pri:0, instance:remoteTestingDocker.DockerValidation.AppTest@145eaa29]" started-at="2023-05-31T12:45:56 IST" name="shouldAnswerWithTrue" finished-at="2023-05-31T12:45:56 IST" duration-ms="6" status="PASS">
          <reporter-output>
          </reporter-output>
        </test-method> <!-- shouldAnswerWithTrue -->
      </class> <!-- remoteTestingDocker.DockerValidation.AppTest -->
      <class name="remoteTestingDocker.DockerValidation.Googlepage">
        <test-method is-config="true" signature="opendriver(java.lang.String)[pri:0, instance:remoteTestingDocker.DockerValidation.Googlepage@6328d34a]" started-at="2023-05-31T12:45:56 IST" name="opendriver" finished-at="2023-05-31T12:46:34 IST" duration-ms="37984" status="PASS">
          <params>
            <param index="0">
              <value>
                <![CDATA[Firefox]]>
              </value>
            </param>
          </params>
          <reporter-output>
          </reporter-output>
        </test-method> <!-- opendriver -->
        <test-method signature="verifygooglepage()[pri:1, instance:remoteTestingDocker.DockerValidation.Googlepage@6328d34a]" started-at="2023-05-31T12:46:34 IST" name="verifygooglepage" finished-at="2023-05-31T12:46:38 IST" duration-ms="4374" status="PASS">
          <reporter-output>
          </reporter-output>
        </test-method> <!-- verifygooglepage -->
        <test-method signature="verifyfacebookpage()[pri:2, instance:remoteTestingDocker.DockerValidation.Googlepage@6328d34a]" started-at="2023-05-31T12:46:38 IST" name="verifyfacebookpage" finished-at="2023-05-31T12:46:44 IST" duration-ms="5324" status="PASS">
          <reporter-output>
          </reporter-output>
        </test-method> <!-- verifyfacebookpage -->
      </class> <!-- remoteTestingDocker.DockerValidation.Googlepage -->
    </test> <!-- FireFox testing -->
  </suite> <!-- Suite -->
</testng-results>
