<?xml version="1.0" encoding="UTF-8"?>
<testng-results ignored="0" total="6" passed="6" failed="0" skipped="0">
  <reporter-output>
  </reporter-output>
  <suite started-at="2023-06-19T16:46:50 IST" name="Suite" finished-at="2023-06-19T16:47:15 IST" duration-ms="25293">
    <groups>
    </groups>
    <test started-at="2023-06-19T16:46:50 IST" name="Chrome testing" finished-at="2023-06-19T16:47:11 IST" duration-ms="21171">
      <class name="remoteTestingDocker.DockerValidation.AppTest">
        <test-method signature="shouldAnswerWithTrue()[pri:0, instance:remoteTestingDocker.DockerValidation.AppTest@b7f23d9]" started-at="2023-06-19T16:46:50 IST" name="shouldAnswerWithTrue" finished-at="2023-06-19T16:46:50 IST" duration-ms="7" status="PASS">
          <reporter-output>
          </reporter-output>
        </test-method> <!-- shouldAnswerWithTrue -->
      </class> <!-- remoteTestingDocker.DockerValidation.AppTest -->
      <class name="remoteTestingDocker.DockerValidation.Googlepage">
        <test-method is-config="true" signature="opendriver(java.lang.String)[pri:0, instance:remoteTestingDocker.DockerValidation.Googlepage@58c1c010]" started-at="2023-06-19T16:46:50 IST" name="opendriver" finished-at="2023-06-19T16:46:57 IST" duration-ms="7017" status="PASS">
          <params>
            <param index="0">
              <value>
                <![CDATA[Chrome]]>
              </value>
            </param>
          </params>
          <reporter-output>
          </reporter-output>
        </test-method> <!-- opendriver -->
        <test-method signature="verifygooglepage()[pri:1, instance:remoteTestingDocker.DockerValidation.Googlepage@58c1c010]" started-at="2023-06-19T16:46:57 IST" name="verifygooglepage" finished-at="2023-06-19T16:47:07 IST" duration-ms="10527" status="PASS">
          <reporter-output>
          </reporter-output>
        </test-method> <!-- verifygooglepage -->
        <test-method signature="verifyfacebookpage()[pri:2, instance:remoteTestingDocker.DockerValidation.Googlepage@58c1c010]" started-at="2023-06-19T16:47:07 IST" name="verifyfacebookpage" finished-at="2023-06-19T16:47:11 IST" duration-ms="3573" status="PASS">
          <reporter-output>
          </reporter-output>
        </test-method> <!-- verifyfacebookpage -->
      </class> <!-- remoteTestingDocker.DockerValidation.Googlepage -->
    </test> <!-- Chrome testing -->
    <test started-at="2023-06-19T16:46:50 IST" name="FireFox testing" finished-at="2023-06-19T16:47:15 IST" duration-ms="25293">
      <class name="remoteTestingDocker.DockerValidation.AppTest">
        <test-method signature="shouldAnswerWithTrue()[pri:0, instance:remoteTestingDocker.DockerValidation.AppTest@145eaa29]" started-at="2023-06-19T16:46:50 IST" name="shouldAnswerWithTrue" finished-at="2023-06-19T16:46:50 IST" duration-ms="7" status="PASS">
          <reporter-output>
          </reporter-output>
        </test-method> <!-- shouldAnswerWithTrue -->
      </class> <!-- remoteTestingDocker.DockerValidation.AppTest -->
      <class name="remoteTestingDocker.DockerValidation.Googlepage">
        <test-method is-config="true" signature="opendriver(java.lang.String)[pri:0, instance:remoteTestingDocker.DockerValidation.Googlepage@6328d34a]" started-at="2023-06-19T16:46:50 IST" name="opendriver" finished-at="2023-06-19T16:47:04 IST" duration-ms="14453" status="PASS">
          <params>
            <param index="0">
              <value>
                <![CDATA[Firefox]]>
              </value>
            </param>
          </params>
          <reporter-output>
          </reporter-output>
        </test-method> <!-- opendriver -->
        <test-method signature="verifygooglepage()[pri:1, instance:remoteTestingDocker.DockerValidation.Googlepage@6328d34a]" started-at="2023-06-19T16:47:04 IST" name="verifygooglepage" finished-at="2023-06-19T16:47:13 IST" duration-ms="8543" status="PASS">
          <reporter-output>
          </reporter-output>
        </test-method> <!-- verifygooglepage -->
        <test-method signature="verifyfacebookpage()[pri:2, instance:remoteTestingDocker.DockerValidation.Googlepage@6328d34a]" started-at="2023-06-19T16:47:13 IST" name="verifyfacebookpage" finished-at="2023-06-19T16:47:15 IST" duration-ms="2246" status="PASS">
          <reporter-output>
          </reporter-output>
        </test-method> <!-- verifyfacebookpage -->
      </class> <!-- remoteTestingDocker.DockerValidation.Googlepage -->
    </test> <!-- FireFox testing -->
  </suite> <!-- Suite -->
</testng-results>
