<?xml version="1.0" encoding="UTF-8"?>
<testng-results skipped="0" failed="0" ignored="0" total="9" passed="9">
  <reporter-output>
  </reporter-output>
  <suite name="Suite" duration-ms="23768" started-at="2023-05-30T15:59:05 IST" finished-at="2023-05-30T15:59:28 IST">
    <groups>
    </groups>
    <test name="Edge testing" duration-ms="23706" started-at="2023-05-30T15:59:05 IST" finished-at="2023-05-30T15:59:28 IST">
      <class name="remoteTestingDocker.DockerValidation.AppTest">
        <test-method status="PASS" signature="shouldAnswerWithTrue()[pri:0, instance:remoteTestingDocker.DockerValidation.AppTest@37374a5e]" name="shouldAnswerWithTrue" duration-ms="11" started-at="2023-05-30T15:59:05 IST" finished-at="2023-05-30T15:59:05 IST">
          <reporter-output>
          </reporter-output>
        </test-method> <!-- shouldAnswerWithTrue -->
      </class> <!-- remoteTestingDocker.DockerValidation.AppTest -->
      <class name="remoteTestingDocker.DockerValidation.Googlepage">
        <test-method status="PASS" signature="opendriver(java.lang.String)[pri:0, instance:remoteTestingDocker.DockerValidation.Googlepage@8646db9]" name="opendriver" is-config="true" duration-ms="7920" started-at="2023-05-30T15:59:05 IST" finished-at="2023-05-30T15:59:13 IST">
          <params>
            <param index="0">
              <value>
                <![CDATA[Edge]]>
              </value>
            </param>
          </params>
          <reporter-output>
          </reporter-output>
        </test-method> <!-- opendriver -->
        <test-method status="PASS" signature="verifygooglepage()[pri:1, instance:remoteTestingDocker.DockerValidation.Googlepage@8646db9]" name="verifygooglepage" duration-ms="9739" started-at="2023-05-30T15:59:13 IST" finished-at="2023-05-30T15:59:22 IST">
          <reporter-output>
          </reporter-output>
        </test-method> <!-- verifygooglepage -->
        <test-method status="PASS" signature="verifyfacebookpage()[pri:2, instance:remoteTestingDocker.DockerValidation.Googlepage@8646db9]" name="verifyfacebookpage" duration-ms="5982" started-at="2023-05-30T15:59:22 IST" finished-at="2023-05-30T15:59:28 IST">
          <reporter-output>
          </reporter-output>
        </test-method> <!-- verifyfacebookpage -->
      </class> <!-- remoteTestingDocker.DockerValidation.Googlepage -->
    </test> <!-- Edge testing -->
    <test name="FireFox testing" duration-ms="23768" started-at="2023-05-30T15:59:05 IST" finished-at="2023-05-30T15:59:28 IST">
      <class name="remoteTestingDocker.DockerValidation.AppTest">
        <test-method status="PASS" signature="shouldAnswerWithTrue()[pri:0, instance:remoteTestingDocker.DockerValidation.AppTest@74ad1f1f]" name="shouldAnswerWithTrue" duration-ms="11" started-at="2023-05-30T15:59:05 IST" finished-at="2023-05-30T15:59:05 IST">
          <reporter-output>
          </reporter-output>
        </test-method> <!-- shouldAnswerWithTrue -->
      </class> <!-- remoteTestingDocker.DockerValidation.AppTest -->
      <class name="remoteTestingDocker.DockerValidation.Googlepage">
        <test-method status="PASS" signature="opendriver(java.lang.String)[pri:0, instance:remoteTestingDocker.DockerValidation.Googlepage@491cc5c9]" name="opendriver" is-config="true" duration-ms="14422" started-at="2023-05-30T15:59:05 IST" finished-at="2023-05-30T15:59:19 IST">
          <params>
            <param index="0">
              <value>
                <![CDATA[Firefox]]>
              </value>
            </param>
          </params>
          <reporter-output>
          </reporter-output>
        </test-method> <!-- opendriver -->
        <test-method status="PASS" signature="verifygooglepage()[pri:1, instance:remoteTestingDocker.DockerValidation.Googlepage@491cc5c9]" name="verifygooglepage" duration-ms="3261" started-at="2023-05-30T15:59:19 IST" finished-at="2023-05-30T15:59:22 IST">
          <reporter-output>
          </reporter-output>
        </test-method> <!-- verifygooglepage -->
        <test-method status="PASS" signature="verifyfacebookpage()[pri:2, instance:remoteTestingDocker.DockerValidation.Googlepage@491cc5c9]" name="verifyfacebookpage" duration-ms="6021" started-at="2023-05-30T15:59:22 IST" finished-at="2023-05-30T15:59:28 IST">
          <reporter-output>
          </reporter-output>
        </test-method> <!-- verifyfacebookpage -->
      </class> <!-- remoteTestingDocker.DockerValidation.Googlepage -->
    </test> <!-- FireFox testing -->
    <test name="Chrome testing" duration-ms="23742" started-at="2023-05-30T15:59:05 IST" finished-at="2023-05-30T15:59:28 IST">
      <class name="remoteTestingDocker.DockerValidation.AppTest">
        <test-method status="PASS" signature="shouldAnswerWithTrue()[pri:0, instance:remoteTestingDocker.DockerValidation.AppTest@7ce6a65d]" name="shouldAnswerWithTrue" duration-ms="10" started-at="2023-05-30T15:59:05 IST" finished-at="2023-05-30T15:59:05 IST">
          <reporter-output>
          </reporter-output>
        </test-method> <!-- shouldAnswerWithTrue -->
      </class> <!-- remoteTestingDocker.DockerValidation.AppTest -->
      <class name="remoteTestingDocker.DockerValidation.Googlepage">
        <test-method status="PASS" signature="opendriver(java.lang.String)[pri:0, instance:remoteTestingDocker.DockerValidation.Googlepage@4abdb505]" name="opendriver" is-config="true" duration-ms="7920" started-at="2023-05-30T15:59:05 IST" finished-at="2023-05-30T15:59:13 IST">
          <params>
            <param index="0">
              <value>
                <![CDATA[Chrome]]>
              </value>
            </param>
          </params>
          <reporter-output>
          </reporter-output>
        </test-method> <!-- opendriver -->
        <test-method status="PASS" signature="verifygooglepage()[pri:1, instance:remoteTestingDocker.DockerValidation.Googlepage@4abdb505]" name="verifygooglepage" duration-ms="9502" started-at="2023-05-30T15:59:13 IST" finished-at="2023-05-30T15:59:22 IST">
          <reporter-output>
          </reporter-output>
        </test-method> <!-- verifygooglepage -->
        <test-method status="PASS" signature="verifyfacebookpage()[pri:2, instance:remoteTestingDocker.DockerValidation.Googlepage@4abdb505]" name="verifyfacebookpage" duration-ms="6254" started-at="2023-05-30T15:59:22 IST" finished-at="2023-05-30T15:59:28 IST">
          <reporter-output>
          </reporter-output>
        </test-method> <!-- verifyfacebookpage -->
      </class> <!-- remoteTestingDocker.DockerValidation.Googlepage -->
    </test> <!-- Chrome testing -->
  </suite> <!-- Suite -->
</testng-results>
